2023-02-03 21:53:41,365 INFO Accessing List_s class
2023-02-03 21:53:41,365 INFO Inside flat_list function
2023-02-03 21:53:41,365 INFO data :- [1, 2, 3, 4]
2023-02-03 21:53:41,365 INFO data :- (2, 3, 4, 5, 6)
2023-02-03 21:53:41,365 INFO data :- (3, 4, 5, 6, 7)
2023-02-03 21:53:41,365 INFO data :- {45, 4, 5, 23}
2023-02-03 21:53:41,366 INFO values inside dict {'k1': 'sudh', 'k2': 'ineuron', 'k3': 'kumar', 3: 6, 7: 8}
2023-02-03 21:53:41,366 INFO data :- ['ineuron', 'data science']
2023-02-03 21:53:41,366 INFO We are in the extract_list function
2023-02-03 21:53:41,366 INFO Inside function Extract_ineuron 
2023-02-03 21:53:41,366 INFO ineuron
2023-02-03 21:53:41,366 INFO Inside print_prime function
2023-02-03 21:53:41,387 INFO Output [1, 2, 3, 5, 7, 11, 13, 17, 19, 23, 29, 31, 37, 41, 43, 47, 53, 59, 61, 67, 71, 73, 79, 83, 89, 97, 101, 103, 107, 109, 113, 127, 131, 137, 139, 149, 151, 157, 163, 167, 173, 179, 181, 191, 193, 197, 199, 211, 223, 227, 229, 233, 239, 241, 251, 257, 263, 269, 271, 277, 281, 283, 293, 307, 311, 313, 317, 331, 337, 347, 349, 353, 359, 367, 373, 379, 383, 389, 397, 401, 409, 419, 421, 431, 433, 439, 443, 449, 457, 461, 463, 467, 479, 487, 491, 499, 503, 509, 521, 523, 541, 547, 557, 563, 569, 571, 577, 587, 593, 599, 601, 607, 613, 617, 619, 631, 641, 643, 647, 653, 659, 661, 673, 677, 683, 691, 701, 709, 719, 727, 733, 739, 743, 751, 757, 761, 769, 773, 787, 797, 809, 811, 821, 823, 827, 829, 839, 853, 857, 859, 863, 877, 881, 883, 887, 907, 911, 919, 929, 937, 941, 947, 953, 967, 971, 977, 983, 991, 997]
2023-02-04 19:17:49,031 INFO Accessing List_s class
2023-02-04 19:17:49,039 INFO Inside flat_list function
2023-02-04 19:17:49,039 INFO data :- [1, 2, 3, 4]
2023-02-04 19:17:49,039 INFO data :- (2, 3, 4, 5, 6)
2023-02-04 19:17:49,039 INFO data :- (3, 4, 5, 6, 7)
2023-02-04 19:17:49,039 INFO data :- {45, 4, 5, 23}
2023-02-04 19:17:49,039 INFO values inside dict {'k1': 'sudh', 'k2': 'ineuron', 'k3': 'kumar', 3: 6, 7: 8}
2023-02-04 19:17:49,039 INFO data :- ['ineuron', 'data science']
2023-02-04 19:17:49,039 INFO We are in the extract_list function
2023-02-04 19:17:49,039 INFO Inside function Extract_ineuron 
2023-02-04 19:17:49,039 INFO ineuron
2023-02-04 19:17:49,040 INFO Inside print_prime function
2023-02-04 19:17:49,060 INFO Output [1, 2, 3, 5, 7, 11, 13, 17, 19, 23, 29, 31, 37, 41, 43, 47, 53, 59, 61, 67, 71, 73, 79, 83, 89, 97, 101, 103, 107, 109, 113, 127, 131, 137, 139, 149, 151, 157, 163, 167, 173, 179, 181, 191, 193, 197, 199, 211, 223, 227, 229, 233, 239, 241, 251, 257, 263, 269, 271, 277, 281, 283, 293, 307, 311, 313, 317, 331, 337, 347, 349, 353, 359, 367, 373, 379, 383, 389, 397, 401, 409, 419, 421, 431, 433, 439, 443, 449, 457, 461, 463, 467, 479, 487, 491, 499, 503, 509, 521, 523, 541, 547, 557, 563, 569, 571, 577, 587, 593, 599, 601, 607, 613, 617, 619, 631, 641, 643, 647, 653, 659, 661, 673, 677, 683, 691, 701, 709, 719, 727, 733, 739, 743, 751, 757, 761, 769, 773, 787, 797, 809, 811, 821, 823, 827, 829, 839, 853, 857, 859, 863, 877, 881, 883, 887, 907, 911, 919, 929, 937, 941, 947, 953, 967, 971, 977, 983, 991, 997]
2023-02-04 19:36:06,694 INFO Accessing List_s class
2023-02-04 19:36:06,694 INFO Inside flat_list function
2023-02-04 19:36:06,694 INFO data :- [1, 2, 3, 4]
2023-02-04 19:36:06,694 INFO data :- (2, 3, 4, 5, 6)
2023-02-04 19:36:06,694 INFO data :- (3, 4, 5, 6, 7)
2023-02-04 19:36:06,694 INFO data :- {45, 4, 5, 23}
2023-02-04 19:36:06,694 INFO values inside dict {'k1': 'sudh', 'k2': 'ineuron', 'k3': 'kumar', 3: 6, 7: 8}
2023-02-04 19:36:06,694 INFO data :- ['ineuron', 'data science']
2023-02-04 19:36:06,694 INFO We are in the extract_list function
2023-02-04 19:36:06,694 INFO Inside function Extract_ineuron 
2023-02-04 19:36:06,694 INFO ineuron
2023-02-04 19:36:06,694 INFO Inside print_prime function
2023-02-04 19:36:06,716 INFO Output [1, 2, 3, 5, 7, 11, 13, 17, 19, 23, 29, 31, 37, 41, 43, 47, 53, 59, 61, 67, 71, 73, 79, 83, 89, 97, 101, 103, 107, 109, 113, 127, 131, 137, 139, 149, 151, 157, 163, 167, 173, 179, 181, 191, 193, 197, 199, 211, 223, 227, 229, 233, 239, 241, 251, 257, 263, 269, 271, 277, 281, 283, 293, 307, 311, 313, 317, 331, 337, 347, 349, 353, 359, 367, 373, 379, 383, 389, 397, 401, 409, 419, 421, 431, 433, 439, 443, 449, 457, 461, 463, 467, 479, 487, 491, 499, 503, 509, 521, 523, 541, 547, 557, 563, 569, 571, 577, 587, 593, 599, 601, 607, 613, 617, 619, 631, 641, 643, 647, 653, 659, 661, 673, 677, 683, 691, 701, 709, 719, 727, 733, 739, 743, 751, 757, 761, 769, 773, 787, 797, 809, 811, 821, 823, 827, 829, 839, 853, 857, 859, 863, 877, 881, 883, 887, 907, 911, 919, 929, 937, 941, 947, 953, 967, 971, 977, 983, 991, 997]
