INFO root 2023-02-05 17:43:55,697  we are creating a class to do string process
INFO root 2023-02-05 17:44:21,802  we are creating a class to do string process
INFO root 2023-02-05 17:44:21,802 we are creating a function to extract string data
INFO root 2023-02-05 17:44:21,802 we are entering into try block
INFO root 2023-02-05 17:44:21,802 tssyityopgmncsa alrNph rgni ni
INFO root 2023-02-05 17:49:18,680  we are creating a class to do string process
INFO root 2023-02-05 17:49:18,681 we are creating a function to extract string data
INFO root 2023-02-05 17:49:18,681 we are entering into try block
INFO root 2023-02-05 17:49:18,681 tssyityopgmncsa alrNph rgni ni
INFO root 2023-02-05 17:49:49,237  we are creating a class to do string process
INFO root 2023-02-05 17:49:49,238 we are creating a function to extract string data
INFO root 2023-02-05 17:49:49,238 we are entering into try block
INFO root 2023-02-05 17:49:49,238 tssyityopgmncsa alrNph rgni ni
INFO root 2023-02-05 17:49:49,238 we are creating a function to extract string data
INFO root 2023-02-05 17:49:49,238 we are entering into try block
INFO root 2023-02-05 17:49:49,238 noitcnuf sti dna gnirts nohtyp GNINrael ma i dna ssalc gnimmargorp nohtyP tsriF yM si siht
INFO root 2023-02-05 17:49:49,238 we are creating a function to extract string data
INFO root 2023-02-05 17:49:49,238 we are entering into try block
INFO root 2023-02-05 17:49:49,238 ['THIS', 'IS', 'MY', 'FIRST', 'PYTHON', 'PROGRAMMING', 'CLASS', 'AND', 'I', 'AM', 'LEARNING', 'PYTHON', 'STRING', 'AND', 'ITS', 'FUNCTION']
INFO root 2023-02-05 18:00:28,003  we are creating a class to do string process
INFO root 2023-02-05 18:00:28,004 we are creating a function to extract string data
INFO root 2023-02-05 18:00:28,004 we are entering into try block
INFO root 2023-02-05 18:00:28,004 tssyityopgmncsa alrNph rgni ni
INFO root 2023-02-05 18:00:28,004 we are creating a function to extract string data
INFO root 2023-02-05 18:00:28,004 we are entering into try block
INFO root 2023-02-05 18:00:28,004 noitcnuf sti dna gnirts nohtyp GNINrael ma i dna ssalc gnimmargorp nohtyP tsriF yM si siht
INFO root 2023-02-05 18:00:28,004 we are creating a function to extract string data
INFO root 2023-02-05 18:00:28,004 we are entering into try block
INFO root 2023-02-05 18:00:28,004 ['THIS', 'IS', 'MY', 'FIRST', 'PYTHON', 'PROGRAMMING', 'CLASS', 'AND', 'I', 'AM', 'LEARNING', 'PYTHON', 'STRING', 'AND', 'ITS', 'FUNCTION']
INFO root 2023-02-05 18:00:28,004 we are creating a function to extract string data
INFO root 2023-02-05 18:00:28,004 we are entering into try block
INFO root 2023-02-05 18:00:28,004 ['this', 'is', 'my', 'first', 'python', 'programming', 'class', 'and', 'i', 'am', 'learning', 'python', 'string', 'and', 'its', 'function']
INFO root 2023-02-05 18:01:40,910  we are creating a class to do string process
INFO root 2023-02-05 18:01:40,911 we are creating a function to extract string data
INFO root 2023-02-05 18:01:40,911 we are entering into try block
INFO root 2023-02-05 18:01:40,911 tssyityopgmncsa alrNph rgni ni
INFO root 2023-02-05 18:01:40,911 we are creating a function to extract string data
INFO root 2023-02-05 18:01:40,911 we are entering into try block
INFO root 2023-02-05 18:01:40,911 noitcnuf sti dna gnirts nohtyp GNINrael ma i dna ssalc gnimmargorp nohtyP tsriF yM si siht
INFO root 2023-02-05 18:01:40,911 we are creating a function to extract string data
INFO root 2023-02-05 18:01:40,911 we are entering into try block
INFO root 2023-02-05 18:01:40,911 ['THIS', 'IS', 'MY', 'FIRST', 'PYTHON', 'PROGRAMMING', 'CLASS', 'AND', 'I', 'AM', 'LEARNING', 'PYTHON', 'STRING', 'AND', 'ITS', 'FUNCTION']
INFO root 2023-02-05 18:01:40,911 we are creating a function to extract string data
INFO root 2023-02-05 18:01:40,911 we are entering into try block
INFO root 2023-02-05 18:01:40,911 ['this', 'is', 'my', 'first', 'python', 'programming', 'class', 'and', 'i', 'am', 'learning', 'python', 'string', 'and', 'its', 'function']
INFO root 2023-02-05 18:01:40,911 we are creating a function to extract string data
INFO root 2023-02-05 18:01:40,911 we are entering into try block
INFO root 2023-02-05 18:01:40,911 This is my first python programming class and i am learning python string and its function
INFO root 2023-02-05 18:05:08,533  we are creating a class to do string process
INFO root 2023-02-05 18:05:08,533 we are creating a function to extract string data
INFO root 2023-02-05 18:05:08,534 we are entering into try block
INFO root 2023-02-05 18:05:08,534 tssyityopgmncsa alrNph rgni ni
INFO root 2023-02-05 18:05:08,534 we are creating a function to extract string data
INFO root 2023-02-05 18:05:08,534 we are entering into try block
INFO root 2023-02-05 18:05:08,534 noitcnuf sti dna gnirts nohtyp GNINrael ma i dna ssalc gnimmargorp nohtyP tsriF yM si siht
INFO root 2023-02-05 18:05:08,534 we are creating a function to extract string data
INFO root 2023-02-05 18:05:08,534 we are entering into try block
INFO root 2023-02-05 18:05:08,534 ['THIS', 'IS', 'MY', 'FIRST', 'PYTHON', 'PROGRAMMING', 'CLASS', 'AND', 'I', 'AM', 'LEARNING', 'PYTHON', 'STRING', 'AND', 'ITS', 'FUNCTION']
INFO root 2023-02-05 18:05:08,534 we are creating a function to extract string data
INFO root 2023-02-05 18:05:08,534 we are entering into try block
INFO root 2023-02-05 18:05:08,534 ['this', 'is', 'my', 'first', 'python', 'programming', 'class', 'and', 'i', 'am', 'learning', 'python', 'string', 'and', 'its', 'function']
INFO root 2023-02-05 18:05:08,534 we are creating a function to extract string data
INFO root 2023-02-05 18:05:08,534 we are entering into try block
INFO root 2023-02-05 18:05:08,534 This is my first python programming class and i am learning python string and its function
INFO root 2023-02-05 18:05:08,534 we are creating a function to extract string data
INFO root 2023-02-05 18:05:08,534 we are entering into try block
INFO root 2023-02-05 18:05:08,534 #isalpha is going to return true if the string is alphabetic and isalnum is going to retunr true if the string is numeric+alphabetic
INFO root 2023-02-05 18:05:19,266  we are creating a class to do string process
INFO root 2023-02-05 18:05:19,266 we are creating a function to extract string data
INFO root 2023-02-05 18:05:19,266 we are entering into try block
INFO root 2023-02-05 18:05:19,266 tssyityopgmncsa alrNph rgni ni
INFO root 2023-02-05 18:05:19,266 we are creating a function to extract string data
INFO root 2023-02-05 18:05:19,266 we are entering into try block
INFO root 2023-02-05 18:05:19,266 noitcnuf sti dna gnirts nohtyp GNINrael ma i dna ssalc gnimmargorp nohtyP tsriF yM si siht
INFO root 2023-02-05 18:05:19,266 we are creating a function to extract string data
INFO root 2023-02-05 18:05:19,266 we are entering into try block
INFO root 2023-02-05 18:05:19,267 ['THIS', 'IS', 'MY', 'FIRST', 'PYTHON', 'PROGRAMMING', 'CLASS', 'AND', 'I', 'AM', 'LEARNING', 'PYTHON', 'STRING', 'AND', 'ITS', 'FUNCTION']
INFO root 2023-02-05 18:05:19,267 we are creating a function to extract string data
INFO root 2023-02-05 18:05:19,267 we are entering into try block
INFO root 2023-02-05 18:05:19,267 ['this', 'is', 'my', 'first', 'python', 'programming', 'class', 'and', 'i', 'am', 'learning', 'python', 'string', 'and', 'its', 'function']
INFO root 2023-02-05 18:05:19,267 we are creating a function to extract string data
INFO root 2023-02-05 18:05:19,267 we are entering into try block
INFO root 2023-02-05 18:05:19,267 This is my first python programming class and i am learning python string and its function
INFO root 2023-02-05 18:05:19,267 we are creating a function to extract string data
INFO root 2023-02-05 18:05:19,267 we are entering into try block
INFO root 2023-02-05 18:05:19,267 #isalpha is going to return true if the string is alphabetic and isalnum is going to retunr true if the string is numeric+alphabetic
INFO root 2023-02-05 18:07:11,761  we are creating a class to do string process
INFO root 2023-02-05 18:07:11,761 we are creating a function to extract string data
INFO root 2023-02-05 18:07:11,762 we are entering into try block
INFO root 2023-02-05 18:07:11,762 tssyityopgmncsa alrNph rgni ni
INFO root 2023-02-05 18:07:11,762 we are creating a function to extract string data
INFO root 2023-02-05 18:07:11,762 we are entering into try block
INFO root 2023-02-05 18:07:11,762 noitcnuf sti dna gnirts nohtyp GNINrael ma i dna ssalc gnimmargorp nohtyP tsriF yM si siht
INFO root 2023-02-05 18:07:11,762 we are creating a function to extract string data
INFO root 2023-02-05 18:07:11,762 we are entering into try block
INFO root 2023-02-05 18:07:11,762 ['THIS', 'IS', 'MY', 'FIRST', 'PYTHON', 'PROGRAMMING', 'CLASS', 'AND', 'I', 'AM', 'LEARNING', 'PYTHON', 'STRING', 'AND', 'ITS', 'FUNCTION']
INFO root 2023-02-05 18:07:11,762 we are creating a function to extract string data
INFO root 2023-02-05 18:07:11,762 we are entering into try block
INFO root 2023-02-05 18:07:11,762 ['this', 'is', 'my', 'first', 'python', 'programming', 'class', 'and', 'i', 'am', 'learning', 'python', 'string', 'and', 'its', 'function']
INFO root 2023-02-05 18:07:11,762 we are creating a function to extract string data
INFO root 2023-02-05 18:07:11,762 we are entering into try block
INFO root 2023-02-05 18:07:11,762 This is my first python programming class and i am learning python string and its function
INFO root 2023-02-05 18:07:11,762 we are creating a function to extract string data
INFO root 2023-02-05 18:07:11,762 we are entering into try block
INFO root 2023-02-05 18:07:11,762 #isalpha is going to return true if the string is alphabetic and isalnum is going to retunr true if the string is numeric+alphabetic
INFO root 2023-02-05 18:07:11,762 we are creating a function to extract string data
INFO root 2023-02-05 18:07:11,762 we are entering into try block
INFO root 2023-02-05 18:07:11,762 senthurapandi   is      a       good    boy.
INFO root 2023-02-05 18:09:11,536  we are creating a class to do string process
INFO root 2023-02-05 18:09:11,536 we are creating a function to extract string data
INFO root 2023-02-05 18:09:11,536 we are entering into try block
INFO root 2023-02-05 18:09:11,536 tssyityopgmncsa alrNph rgni ni
INFO root 2023-02-05 18:09:11,536 we are creating a function to extract string data
INFO root 2023-02-05 18:09:11,536 we are entering into try block
INFO root 2023-02-05 18:09:11,536 noitcnuf sti dna gnirts nohtyp GNINrael ma i dna ssalc gnimmargorp nohtyP tsriF yM si siht
INFO root 2023-02-05 18:09:11,536 we are creating a function to extract string data
INFO root 2023-02-05 18:09:11,536 we are entering into try block
INFO root 2023-02-05 18:09:11,536 ['THIS', 'IS', 'MY', 'FIRST', 'PYTHON', 'PROGRAMMING', 'CLASS', 'AND', 'I', 'AM', 'LEARNING', 'PYTHON', 'STRING', 'AND', 'ITS', 'FUNCTION']
INFO root 2023-02-05 18:09:11,536 we are creating a function to extract string data
INFO root 2023-02-05 18:09:11,536 we are entering into try block
INFO root 2023-02-05 18:09:11,536 ['this', 'is', 'my', 'first', 'python', 'programming', 'class', 'and', 'i', 'am', 'learning', 'python', 'string', 'and', 'its', 'function']
INFO root 2023-02-05 18:09:11,537 we are creating a function to extract string data
INFO root 2023-02-05 18:09:11,537 we are entering into try block
INFO root 2023-02-05 18:09:11,537 This is my first python programming class and i am learning python string and its function
INFO root 2023-02-05 18:09:11,537 we are creating a function to extract string data
INFO root 2023-02-05 18:09:11,537 we are entering into try block
INFO root 2023-02-05 18:09:11,537 #isalpha is going to return true if the string is alphabetic and isalnum is going to retunr true if the string is numeric+alphabetic
INFO root 2023-02-05 18:09:11,537 we are creating a function to extract string data
INFO root 2023-02-05 18:09:11,537 we are entering into try block
INFO root 2023-02-05 18:09:11,537 senthurapandi   is      a       good    boy.
INFO root 2023-02-05 18:09:33,030  we are creating a class to do string process
INFO root 2023-02-05 18:09:33,030 we are creating a function to extract string data
INFO root 2023-02-05 18:09:33,030 we are entering into try block
INFO root 2023-02-05 18:09:33,030 tssyityopgmncsa alrNph rgni ni
INFO root 2023-02-05 18:09:33,030 we are creating a function to extract string data
INFO root 2023-02-05 18:09:33,030 we are entering into try block
INFO root 2023-02-05 18:09:33,030 noitcnuf sti dna gnirts nohtyp GNINrael ma i dna ssalc gnimmargorp nohtyP tsriF yM si siht
INFO root 2023-02-05 18:09:33,030 we are creating a function to extract string data
INFO root 2023-02-05 18:09:33,030 we are entering into try block
INFO root 2023-02-05 18:09:33,030 ['THIS', 'IS', 'MY', 'FIRST', 'PYTHON', 'PROGRAMMING', 'CLASS', 'AND', 'I', 'AM', 'LEARNING', 'PYTHON', 'STRING', 'AND', 'ITS', 'FUNCTION']
INFO root 2023-02-05 18:09:33,030 we are creating a function to extract string data
INFO root 2023-02-05 18:09:33,030 we are entering into try block
INFO root 2023-02-05 18:09:33,030 ['this', 'is', 'my', 'first', 'python', 'programming', 'class', 'and', 'i', 'am', 'learning', 'python', 'string', 'and', 'its', 'function']
INFO root 2023-02-05 18:09:33,030 we are creating a function to extract string data
INFO root 2023-02-05 18:09:33,030 we are entering into try block
INFO root 2023-02-05 18:09:33,030 This is my first python programming class and i am learning python string and its function
INFO root 2023-02-05 18:09:33,030 we are creating a function to extract string data
INFO root 2023-02-05 18:09:33,030 we are entering into try block
INFO root 2023-02-05 18:09:33,030 #isalpha is going to return true if the string is alphabetic and isalnum is going to retunr true if the string is numeric+alphabetic
INFO root 2023-02-05 18:09:33,030 we are creating a function to extract string data
INFO root 2023-02-05 18:09:33,030 we are entering into try block
INFO root 2023-02-05 18:09:33,031 senthurapandi   is      a       good    boy.
INFO root 2023-02-05 18:09:33,031 we are creating a function to extract string data
INFO root 2023-02-05 18:09:33,031 we are entering into try block
INFO root 2023-02-05 18:09:33,031 senthura pandi is a boy
INFO root 2023-02-05 18:09:33,031 senthurapandi is a good boy              
INFO root 2023-02-05 18:09:33,031                        senthura pandi is a boy
INFO root 2023-02-05 18:11:39,275  we are creating a class to do string process
INFO root 2023-02-05 18:11:39,275 we are creating a function to extract string data
INFO root 2023-02-05 18:11:39,275 we are entering into try block
INFO root 2023-02-05 18:11:39,275 tssyityopgmncsa alrNph rgni ni
INFO root 2023-02-05 18:11:39,275 we are creating a function to extract string data
INFO root 2023-02-05 18:11:39,275 we are entering into try block
INFO root 2023-02-05 18:11:39,275 noitcnuf sti dna gnirts nohtyp GNINrael ma i dna ssalc gnimmargorp nohtyP tsriF yM si siht
INFO root 2023-02-05 18:11:39,275 we are creating a function to extract string data
INFO root 2023-02-05 18:11:39,275 we are entering into try block
INFO root 2023-02-05 18:11:39,275 ['THIS', 'IS', 'MY', 'FIRST', 'PYTHON', 'PROGRAMMING', 'CLASS', 'AND', 'I', 'AM', 'LEARNING', 'PYTHON', 'STRING', 'AND', 'ITS', 'FUNCTION']
INFO root 2023-02-05 18:11:39,275 we are creating a function to extract string data
INFO root 2023-02-05 18:11:39,275 we are entering into try block
INFO root 2023-02-05 18:11:39,275 ['this', 'is', 'my', 'first', 'python', 'programming', 'class', 'and', 'i', 'am', 'learning', 'python', 'string', 'and', 'its', 'function']
INFO root 2023-02-05 18:11:39,275 we are creating a function to extract string data
INFO root 2023-02-05 18:11:39,275 we are entering into try block
INFO root 2023-02-05 18:11:39,275 This is my first python programming class and i am learning python string and its function
INFO root 2023-02-05 18:11:39,275 we are creating a function to extract string data
INFO root 2023-02-05 18:11:39,275 we are entering into try block
INFO root 2023-02-05 18:11:39,275 #isalpha is going to return true if the string is alphabetic and isalnum is going to retunr true if the string is numeric+alphabetic
INFO root 2023-02-05 18:11:39,275 we are creating a function to extract string data
INFO root 2023-02-05 18:11:39,276 we are entering into try block
INFO root 2023-02-05 18:11:39,276 senthurapandi   is      a       good    boy.
INFO root 2023-02-05 18:11:39,276 we are creating a function to extract string data
INFO root 2023-02-05 18:11:39,276 we are entering into try block
INFO root 2023-02-05 18:11:39,276 senthura pandi is a boy
INFO root 2023-02-05 18:11:39,276 senthurapandi is a good boy              
INFO root 2023-02-05 18:11:39,276                        senthura pandi is a boy
INFO root 2023-02-05 18:11:39,276 we are creating a function to extract string data
INFO root 2023-02-05 18:11:39,276 we are entering into try block
INFO root 2023-02-05 18:13:56,872  we are creating a class to do string process
INFO root 2023-02-05 18:13:56,872 we are creating a function to extract string data
INFO root 2023-02-05 18:13:56,872 we are entering into try block
INFO root 2023-02-05 18:13:56,872 tssyityopgmncsa alrNph rgni ni
INFO root 2023-02-05 18:13:56,872 we are creating a function to extract string data
INFO root 2023-02-05 18:13:56,872 we are entering into try block
INFO root 2023-02-05 18:13:56,873 noitcnuf sti dna gnirts nohtyp GNINrael ma i dna ssalc gnimmargorp nohtyP tsriF yM si siht
INFO root 2023-02-05 18:13:56,873 we are creating a function to extract string data
INFO root 2023-02-05 18:13:56,873 we are entering into try block
INFO root 2023-02-05 18:13:56,873 ['THIS', 'IS', 'MY', 'FIRST', 'PYTHON', 'PROGRAMMING', 'CLASS', 'AND', 'I', 'AM', 'LEARNING', 'PYTHON', 'STRING', 'AND', 'ITS', 'FUNCTION']
INFO root 2023-02-05 18:13:56,873 we are creating a function to extract string data
INFO root 2023-02-05 18:13:56,873 we are entering into try block
INFO root 2023-02-05 18:13:56,873 ['this', 'is', 'my', 'first', 'python', 'programming', 'class', 'and', 'i', 'am', 'learning', 'python', 'string', 'and', 'its', 'function']
INFO root 2023-02-05 18:13:56,873 we are creating a function to extract string data
INFO root 2023-02-05 18:13:56,873 we are entering into try block
INFO root 2023-02-05 18:13:56,873 This is my first python programming class and i am learning python string and its function
INFO root 2023-02-05 18:13:56,873 we are creating a function to extract string data
INFO root 2023-02-05 18:13:56,873 we are entering into try block
INFO root 2023-02-05 18:13:56,873 #isalpha is going to return true if the string is alphabetic and isalnum is going to retunr true if the string is numeric+alphabetic
INFO root 2023-02-05 18:13:56,873 we are creating a function to extract string data
INFO root 2023-02-05 18:13:56,873 we are entering into try block
INFO root 2023-02-05 18:13:56,873 senthurapandi   is      a       good    boy.
INFO root 2023-02-05 18:13:56,873 we are creating a function to extract string data
INFO root 2023-02-05 18:13:56,873 we are entering into try block
INFO root 2023-02-05 18:13:56,873 senthura pandi is a boy
INFO root 2023-02-05 18:13:56,873 senthurapandi is a good boy              
INFO root 2023-02-05 18:13:56,873                        senthura pandi is a boy
INFO root 2023-02-05 18:13:56,873 we are creating a function to extract string data
INFO root 2023-02-05 18:13:56,873 we are entering into try block
INFO root 2023-02-05 18:13:56,873 sudh is a good boy.
INFO root 2023-02-05 18:14:18,872  we are creating a class to do string process
INFO root 2023-02-05 18:14:18,872 we are creating a function to extract string data
INFO root 2023-02-05 18:14:18,872 we are entering into try block
INFO root 2023-02-05 18:14:18,872 tssyityopgmncsa alrNph rgni ni
INFO root 2023-02-05 18:14:18,872 we are creating a function to extract string data
INFO root 2023-02-05 18:14:18,872 we are entering into try block
INFO root 2023-02-05 18:14:18,872 noitcnuf sti dna gnirts nohtyp GNINrael ma i dna ssalc gnimmargorp nohtyP tsriF yM si siht
INFO root 2023-02-05 18:14:18,872 we are creating a function to extract string data
INFO root 2023-02-05 18:14:18,872 we are entering into try block
INFO root 2023-02-05 18:14:18,872 ['THIS', 'IS', 'MY', 'FIRST', 'PYTHON', 'PROGRAMMING', 'CLASS', 'AND', 'I', 'AM', 'LEARNING', 'PYTHON', 'STRING', 'AND', 'ITS', 'FUNCTION']
INFO root 2023-02-05 18:14:18,872 we are creating a function to extract string data
INFO root 2023-02-05 18:14:18,872 we are entering into try block
INFO root 2023-02-05 18:14:18,872 ['this', 'is', 'my', 'first', 'python', 'programming', 'class', 'and', 'i', 'am', 'learning', 'python', 'string', 'and', 'its', 'function']
INFO root 2023-02-05 18:14:18,872 we are creating a function to extract string data
INFO root 2023-02-05 18:14:18,872 we are entering into try block
INFO root 2023-02-05 18:14:18,872 This is my first python programming class and i am learning python string and its function
INFO root 2023-02-05 18:14:18,872 we are creating a function to extract string data
INFO root 2023-02-05 18:14:18,872 we are entering into try block
INFO root 2023-02-05 18:14:18,873 #isalpha is going to return true if the string is alphabetic and isalnum is going to retunr true if the string is numeric+alphabetic
INFO root 2023-02-05 18:14:18,873 we are creating a function to extract string data
INFO root 2023-02-05 18:14:18,873 we are entering into try block
INFO root 2023-02-05 18:14:18,873 senthurapandi   is      a       good    boy.
INFO root 2023-02-05 18:14:18,873 we are creating a function to extract string data
INFO root 2023-02-05 18:14:18,873 we are entering into try block
INFO root 2023-02-05 18:14:18,873 senthura pandi is a boy
INFO root 2023-02-05 18:14:18,873 senthurapandi is a good boy              
INFO root 2023-02-05 18:14:18,873                        senthura pandi is a boy
INFO root 2023-02-05 18:14:18,873 we are creating a function to extract string data
INFO root 2023-02-05 18:14:18,873 we are entering into try block
INFO root 2023-02-05 18:14:18,873 sudh is a good boy.
